  ECS.cpp
E:\SEP2\ctrlalt\CtrlAltEngine\src\ECS\Types.h(36,39): warning C4305: 'initializing': truncation from 'int' to 'const ECS::ComponentID'
  (compiling source file 'src/ECS/ECS.cpp')
  
E:\SEP2\ctrlalt\CtrlAltEngine\src\ECS\Types.h(36,41): warning C4309: 'initializing': truncation of constant value
  (compiling source file 'src/ECS/ECS.cpp')
  
E:\SEP2\ctrlalt\CtrlAltEngine\src\ECS\ECS.h(75,30): warning C4244: 'return': conversion from 'const ECS::EntityID' to 'int', possible loss of data
  (compiling source file 'src/ECS/ECS.cpp')
  
  Scene.cpp
C:\Program Files (x86)\Windows Kits\10\Include\10.0.22621.0\shared\minwindef.h(130,9): warning C4005: 'APIENTRY': macro redefinition
  (compiling source file 'src/Scene/Scene.cpp')
      E:\SEP2\ctrlalt\CtrlAltEngine\libs\GLFW\include\GLFW\glfw3.h(123,11):
      see previous definition of 'APIENTRY'
  
E:\SEP2\ctrlalt\CtrlAltEngine\src\ECS\Types.h(36,39): warning C4305: 'initializing': truncation from 'int' to 'const ECS::ComponentID'
  (compiling source file 'src/Scene/Scene.cpp')
  
E:\SEP2\ctrlalt\CtrlAltEngine\src\ECS\Types.h(36,41): warning C4309: 'initializing': truncation of constant value
  (compiling source file 'src/Scene/Scene.cpp')
  
E:\SEP2\ctrlalt\CtrlAltEngine\src\ECS\ECS.h(75,30): warning C4244: 'return': conversion from 'const ECS::EntityID' to 'int', possible loss of data
  (compiling source file 'src/Scene/Scene.cpp')
  
  Generating Code...
  CtrlAltEngine.vcxproj -> E:\SEP2\ctrlalt\x64\Debug\CtrlAltEngine.exe
